<?xml version="1.0" encoding="UTF-8"?>
<testng-results ignored="0" total="1" passed="1" failed="0" skipped="0">
  <reporter-output>
  </reporter-output>
  <suite started-at="2024-10-29T10:54:48Z" name="Default suite" finished-at="2024-10-29T10:54:58Z" duration-ms="9791">
    <groups>
    </groups>
    <test started-at="2024-10-29T10:54:48Z" name="Default test" finished-at="2024-10-29T10:54:58Z" duration-ms="9791">
      <class name="tests.PurchaseFlowTest">
        <test-method is-config="true" signature="setup()[pri:0, instance:tests.PurchaseFlowTest@1cf56a1c]" started-at="2024-10-29T03:54:48Z" name="setup" finished-at="2024-10-29T03:54:57Z" duration-ms="8823" status="PASS">
          <reporter-output>
          </reporter-output>
        </test-method> <!-- setup -->
        <test-method signature="testPurchaseFlow()[pri:0, instance:tests.PurchaseFlowTest@1cf56a1c]" started-at="2024-10-29T03:54:57Z" name="testPurchaseFlow" finished-at="2024-10-29T03:54:58Z" duration-ms="713" status="PASS">
          <reporter-output>
          </reporter-output>
        </test-method> <!-- testPurchaseFlow -->
        <test-method is-config="true" signature="tearDown()[pri:0, instance:tests.PurchaseFlowTest@1cf56a1c]" started-at="2024-10-29T03:54:58Z" name="tearDown" finished-at="2024-10-29T03:54:58Z" duration-ms="221" status="PASS">
          <reporter-output>
          </reporter-output>
        </test-method> <!-- tearDown -->
      </class> <!-- tests.PurchaseFlowTest -->
    </test> <!-- Default test -->
  </suite> <!-- Default suite -->
</testng-results>
